{"level":"INFO","message":"[12:34:58.043 PM]: Creating new connection object"}
{"level":"INFO","message":"[12:34:58.064 PM]: Creating Connection[id: af5e1c37-a009-4087-b2ac-695d4a14247a] with host: GTQYORH-JG97886.snowflakecomputing.com, account: GTQYORH-JG97886, accessUrl: https://GTQYORH-JG97886.snowflakecomputing.com, user: AJ, role: undefined, database: SampleWeatherDash, schema: PUBLIC, warehouse: COMPUTE_WH, proxy was not configured, password is not provided, region: undefined, authenticator: SNOWFLAKE, ocsp mode: FAIL_OPEN, os: win32, os version: 10.0.26100"}
{"level":"INFO","message":"[12:34:58.066 PM]: Connection[id: af5e1c37-a009-4087-b2ac-695d4a14247a] additional details: passcode in password is provided, passcode is not provided, private key is not provided, application: undefined, client name: snowflake-sdk, client version: 2.0.3, retry timeout: 300, private key path: undefined, private key pass is not provided, client store temporary credential: false, browser response timeout: 120000"}
{"level":"INFO","message":"[12:34:58.067 PM]: Connection[id: af5e1c37-a009-4087-b2ac-695d4a14247a] - connection object created successfully."}
{"level":"INFO","message":"[12:34:58.068 PM]: Connection[id: af5e1c37-a009-4087-b2ac-695d4a14247a] - connecting. Associated Snowflake domain: GLOBAL"}
{"level":"INFO","message":"[12:34:58.079 PM]: Connection[id: af5e1c37-a009-4087-b2ac-695d4a14247a] - authentication successful using: SNOWFLAKE"}
{"level":"INFO","message":"[12:34:58.080 PM]: Trying to initialize Easy Logging"}
{"level":"INFO","message":"[12:34:58.083 PM]: No client config detected."}
{"level":"INFO","message":"[12:34:58.084 PM]: No config file path found. Client config will not be used."}
{"level":"INFO","message":"[12:34:58.085 PM]: Easy Logging is disabled as no config has been found"}
{"level":"INFO","message":"[12:34:58.090 PM]: Connection[id: af5e1c37-a009-4087-b2ac-695d4a14247a] - connected successfully after 22.118100000000027 milliseconds"}
{"level":"INFO","message":"[12:36:29.467 PM]: Creating new connection object"}
{"level":"INFO","message":"[12:36:29.494 PM]: Creating Connection[id: 5188620e-ad36-434a-8800-4aee9f731c41] with host: GTQYORH-JG97886.snowflakecomputing.com, account: GTQYORH-JG97886, accessUrl: https://GTQYORH-JG97886.snowflakecomputing.com, user: AJ, role: undefined, database: SampleWeatherDash, schema: PUBLIC, warehouse: COMPUTE_WH, proxy was not configured, password is not provided, region: undefined, authenticator: SNOWFLAKE, ocsp mode: FAIL_OPEN, os: win32, os version: 10.0.26100"}
{"level":"INFO","message":"[12:36:29.495 PM]: Connection[id: 5188620e-ad36-434a-8800-4aee9f731c41] additional details: passcode in password is provided, passcode is not provided, private key is not provided, application: undefined, client name: snowflake-sdk, client version: 2.0.3, retry timeout: 300, private key path: undefined, private key pass is not provided, client store temporary credential: false, browser response timeout: 120000"}
{"level":"INFO","message":"[12:36:29.495 PM]: Connection[id: 5188620e-ad36-434a-8800-4aee9f731c41] - connection object created successfully."}
{"level":"INFO","message":"[12:36:29.496 PM]: Connection[id: 5188620e-ad36-434a-8800-4aee9f731c41] - connecting. Associated Snowflake domain: GLOBAL"}
{"level":"INFO","message":"[12:36:29.501 PM]: Connection[id: 5188620e-ad36-434a-8800-4aee9f731c41] - authentication successful using: SNOWFLAKE"}
{"level":"INFO","message":"[12:36:29.503 PM]: Trying to initialize Easy Logging"}
{"level":"INFO","message":"[12:36:29.507 PM]: No client config detected."}
{"level":"INFO","message":"[12:36:29.508 PM]: No config file path found. Client config will not be used."}
{"level":"INFO","message":"[12:36:29.509 PM]: Easy Logging is disabled as no config has been found"}
{"level":"INFO","message":"[12:36:29.516 PM]: Connection[id: 5188620e-ad36-434a-8800-4aee9f731c41] - connected successfully after 20.07280000000003 milliseconds"}
{"level":"INFO","message":"[12:37:42.391 PM]: Creating new connection object"}
{"level":"INFO","message":"[12:37:42.413 PM]: Creating Connection[id: 7dcd4ea9-41b2-4736-99b9-c69ceed4efaa] with host: GTQYORH-JG97886.snowflakecomputing.com, account: GTQYORH-JG97886, accessUrl: https://GTQYORH-JG97886.snowflakecomputing.com, user: AJ, role: undefined, database: SampleWeatherDash, schema: PUBLIC, warehouse: COMPUTE_WH, proxy was not configured, password is not provided, region: undefined, authenticator: SNOWFLAKE, ocsp mode: FAIL_OPEN, os: win32, os version: 10.0.26100"}
{"level":"INFO","message":"[12:37:42.414 PM]: Connection[id: 7dcd4ea9-41b2-4736-99b9-c69ceed4efaa] additional details: passcode in password is provided, passcode is not provided, private key is not provided, application: undefined, client name: snowflake-sdk, client version: 2.0.3, retry timeout: 300, private key path: undefined, private key pass is not provided, client store temporary credential: false, browser response timeout: 120000"}
{"level":"INFO","message":"[12:37:42.416 PM]: Connection[id: 7dcd4ea9-41b2-4736-99b9-c69ceed4efaa] - connection object created successfully."}
{"level":"INFO","message":"[12:37:42.417 PM]: Connection[id: 7dcd4ea9-41b2-4736-99b9-c69ceed4efaa] - connecting. Associated Snowflake domain: GLOBAL"}
{"level":"INFO","message":"[12:37:42.424 PM]: Connection[id: 7dcd4ea9-41b2-4736-99b9-c69ceed4efaa] - authentication successful using: SNOWFLAKE"}
{"level":"INFO","message":"[12:37:42.425 PM]: Trying to initialize Easy Logging"}
{"level":"INFO","message":"[12:37:42.428 PM]: No client config detected."}
{"level":"INFO","message":"[12:37:42.429 PM]: No config file path found. Client config will not be used."}
{"level":"INFO","message":"[12:37:42.430 PM]: Easy Logging is disabled as no config has been found"}
{"level":"INFO","message":"[12:37:42.438 PM]: Connection[id: 7dcd4ea9-41b2-4736-99b9-c69ceed4efaa] - connected successfully after 20.68259999999998 milliseconds"}
{"level":"INFO","message":"[12:41:18.437 PM]: Creating new connection object"}
{"level":"INFO","message":"[12:41:18.457 PM]: Creating Connection[id: 81f34c33-ea30-4105-8e7e-21abe0638503] with host: GTQYORH-JG97886.snowflakecomputing.com, account: GTQYORH-JG97886, accessUrl: https://GTQYORH-JG97886.snowflakecomputing.com, user: AJ, role: undefined, database: SAMPLEWEATHERDASH, schema: PUBLIC, warehouse: COMPUTE_WH, proxy was not configured, password is not provided, region: undefined, authenticator: SNOWFLAKE, ocsp mode: FAIL_OPEN, os: win32, os version: 10.0.26100"}
{"level":"INFO","message":"[12:41:18.458 PM]: Connection[id: 81f34c33-ea30-4105-8e7e-21abe0638503] additional details: passcode in password is provided, passcode is not provided, private key is not provided, application: undefined, client name: snowflake-sdk, client version: 2.0.3, retry timeout: 300, private key path: undefined, private key pass is not provided, client store temporary credential: false, browser response timeout: 120000"}
{"level":"INFO","message":"[12:41:18.460 PM]: Connection[id: 81f34c33-ea30-4105-8e7e-21abe0638503] - connection object created successfully."}
{"level":"INFO","message":"[12:41:18.461 PM]: Connection[id: 81f34c33-ea30-4105-8e7e-21abe0638503] - connecting. Associated Snowflake domain: GLOBAL"}
{"level":"INFO","message":"[12:41:18.470 PM]: Connection[id: 81f34c33-ea30-4105-8e7e-21abe0638503] - authentication successful using: SNOWFLAKE"}
{"level":"INFO","message":"[12:41:18.471 PM]: Trying to initialize Easy Logging"}
{"level":"INFO","message":"[12:41:18.474 PM]: No client config detected."}
{"level":"INFO","message":"[12:41:18.475 PM]: No config file path found. Client config will not be used."}
{"level":"INFO","message":"[12:41:18.476 PM]: Easy Logging is disabled as no config has been found"}
{"level":"INFO","message":"[12:41:18.482 PM]: Connection[id: 81f34c33-ea30-4105-8e7e-21abe0638503] - connected successfully after 20.74649999999997 milliseconds"}
{"level":"INFO","message":"[12:43:33.813 PM]: Creating new connection object"}
{"level":"INFO","message":"[12:43:33.837 PM]: Creating Connection[id: 9bf28834-60b0-4994-8cfa-c05f9400f7f3] with host: GTQYORH-JG97886.snowflakecomputing.com, account: GTQYORH-JG97886, accessUrl: https://GTQYORH-JG97886.snowflakecomputing.com, user: AJ, role: undefined, database: SAMPLEWEATHERDASH, schema: PUBLIC, warehouse: COMPUTE_WH, proxy was not configured, password is not provided, region: undefined, authenticator: SNOWFLAKE, ocsp mode: FAIL_OPEN, os: win32, os version: 10.0.26100"}
{"level":"INFO","message":"[12:43:33.838 PM]: Connection[id: 9bf28834-60b0-4994-8cfa-c05f9400f7f3] additional details: passcode in password is provided, passcode is not provided, private key is not provided, application: undefined, client name: snowflake-sdk, client version: 2.0.3, retry timeout: 300, private key path: undefined, private key pass is not provided, client store temporary credential: false, browser response timeout: 120000"}
{"level":"INFO","message":"[12:43:33.839 PM]: Connection[id: 9bf28834-60b0-4994-8cfa-c05f9400f7f3] - connection object created successfully."}
{"level":"INFO","message":"[12:43:33.840 PM]: Connection[id: 9bf28834-60b0-4994-8cfa-c05f9400f7f3] - connecting. Associated Snowflake domain: GLOBAL"}
{"level":"INFO","message":"[12:43:33.850 PM]: Connection[id: 9bf28834-60b0-4994-8cfa-c05f9400f7f3] - authentication successful using: SNOWFLAKE"}
{"level":"INFO","message":"[12:43:33.853 PM]: Trying to initialize Easy Logging"}
{"level":"INFO","message":"[12:43:33.858 PM]: No client config detected."}
{"level":"INFO","message":"[12:43:33.858 PM]: No config file path found. Client config will not be used."}
{"level":"INFO","message":"[12:43:33.860 PM]: Easy Logging is disabled as no config has been found"}
{"level":"INFO","message":"[12:43:33.869 PM]: Connection[id: 9bf28834-60b0-4994-8cfa-c05f9400f7f3] - connected successfully after 28.843899999999962 milliseconds"}
{"level":"INFO","message":"[12:44:26.042 PM]: Creating new connection object"}
{"level":"INFO","message":"[12:44:26.062 PM]: Creating Connection[id: e5271f94-24a7-48c4-8988-2a86efed0b8a] with host: GTQYORH-JG97886.snowflakecomputing.com, account: GTQYORH-JG97886, accessUrl: https://GTQYORH-JG97886.snowflakecomputing.com, user: AJ, role: undefined, database: SAMPLEWEATHERDASH, schema: PUBLIC, warehouse: COMPUTE_WH, proxy was not configured, password is not provided, region: undefined, authenticator: SNOWFLAKE, ocsp mode: FAIL_OPEN, os: win32, os version: 10.0.26100"}
{"level":"INFO","message":"[12:44:26.063 PM]: Connection[id: e5271f94-24a7-48c4-8988-2a86efed0b8a] additional details: passcode in password is provided, passcode is not provided, private key is not provided, application: undefined, client name: snowflake-sdk, client version: 2.0.3, retry timeout: 300, private key path: undefined, private key pass is not provided, client store temporary credential: false, browser response timeout: 120000"}
{"level":"INFO","message":"[12:44:26.064 PM]: Connection[id: e5271f94-24a7-48c4-8988-2a86efed0b8a] - connection object created successfully."}
{"level":"INFO","message":"[12:44:26.064 PM]: Connection[id: e5271f94-24a7-48c4-8988-2a86efed0b8a] - connecting. Associated Snowflake domain: GLOBAL"}
{"level":"INFO","message":"[12:44:26.069 PM]: Connection[id: e5271f94-24a7-48c4-8988-2a86efed0b8a] - authentication successful using: SNOWFLAKE"}
{"level":"INFO","message":"[12:44:26.070 PM]: Trying to initialize Easy Logging"}
{"level":"INFO","message":"[12:44:26.073 PM]: No client config detected."}
{"level":"INFO","message":"[12:44:26.073 PM]: No config file path found. Client config will not be used."}
{"level":"INFO","message":"[12:44:26.074 PM]: Easy Logging is disabled as no config has been found"}
{"level":"INFO","message":"[12:44:26.078 PM]: Connection[id: e5271f94-24a7-48c4-8988-2a86efed0b8a] - connected successfully after 13.619699999999966 milliseconds"}
{"level":"INFO","message":"[12:45:39.473 PM]: Creating new connection object"}
{"level":"INFO","message":"[12:45:39.497 PM]: Creating Connection[id: 645148db-34eb-45e6-b0a3-f5b1424ba533] with host: GTQYORH-JG97886.snowflakecomputing.com, account: GTQYORH-JG97886, accessUrl: https://GTQYORH-JG97886.snowflakecomputing.com, user: AJ, role: undefined, database: SAMPLEWEATHERDASH, schema: PUBLIC, warehouse: COMPUTE_WH, proxy was not configured, password is not provided, region: undefined, authenticator: SNOWFLAKE, ocsp mode: FAIL_OPEN, os: win32, os version: 10.0.26100"}
{"level":"INFO","message":"[12:45:39.498 PM]: Connection[id: 645148db-34eb-45e6-b0a3-f5b1424ba533] additional details: passcode in password is provided, passcode is not provided, private key is not provided, application: undefined, client name: snowflake-sdk, client version: 2.0.3, retry timeout: 300, private key path: undefined, private key pass is not provided, client store temporary credential: false, browser response timeout: 120000"}
{"level":"INFO","message":"[12:45:39.498 PM]: Connection[id: 645148db-34eb-45e6-b0a3-f5b1424ba533] - connection object created successfully."}
{"level":"INFO","message":"[12:45:39.499 PM]: Connection[id: 645148db-34eb-45e6-b0a3-f5b1424ba533] - connecting. Associated Snowflake domain: GLOBAL"}
{"level":"INFO","message":"[12:45:39.505 PM]: Connection[id: 645148db-34eb-45e6-b0a3-f5b1424ba533] - authentication successful using: SNOWFLAKE"}
{"level":"INFO","message":"[12:45:39.506 PM]: Trying to initialize Easy Logging"}
{"level":"INFO","message":"[12:45:39.510 PM]: No client config detected."}
{"level":"INFO","message":"[12:45:39.511 PM]: No config file path found. Client config will not be used."}
{"level":"INFO","message":"[12:45:39.512 PM]: Easy Logging is disabled as no config has been found"}
{"level":"INFO","message":"[12:45:39.518 PM]: Connection[id: 645148db-34eb-45e6-b0a3-f5b1424ba533] - connected successfully after 18.627700000000004 milliseconds"}
{"level":"INFO","message":"[12:46:17.857 PM]: Creating new connection object"}
{"level":"INFO","message":"[12:46:17.899 PM]: Creating Connection[id: 3d88f1fc-9429-4a1f-ba3c-5c49d18e7a86] with host: GTQYORH-JG97886.snowflakecomputing.com, account: GTQYORH-JG97886, accessUrl: https://GTQYORH-JG97886.snowflakecomputing.com, user: AJ, role: undefined, database: SAMPLEWEATHERDASH, schema: PUBLIC, warehouse: COMPUTE_WH, proxy was not configured, password is provided, region: undefined, authenticator: SNOWFLAKE, ocsp mode: FAIL_OPEN, os: win32, os version: 10.0.26100"}
{"level":"INFO","message":"[12:46:17.901 PM]: Connection[id: 3d88f1fc-9429-4a1f-ba3c-5c49d18e7a86] additional details: passcode in password is provided, passcode is not provided, private key is not provided, application: undefined, client name: snowflake-sdk, client version: 2.0.3, retry timeout: 300, private key path: undefined, private key pass is not provided, client store temporary credential: false, browser response timeout: 120000"}
{"level":"INFO","message":"[12:46:17.902 PM]: Connection[id: 3d88f1fc-9429-4a1f-ba3c-5c49d18e7a86] - connection object created successfully."}
{"level":"INFO","message":"[12:46:17.903 PM]: Connection[id: 3d88f1fc-9429-4a1f-ba3c-5c49d18e7a86] - connecting. Associated Snowflake domain: GLOBAL"}
{"level":"INFO","message":"[12:46:17.916 PM]: Connection[id: 3d88f1fc-9429-4a1f-ba3c-5c49d18e7a86] - authentication successful using: SNOWFLAKE"}
{"level":"INFO","message":"[12:46:17.918 PM]: Trying to initialize Easy Logging"}
{"level":"INFO","message":"[12:46:17.933 PM]: No client config detected."}
{"level":"INFO","message":"[12:46:17.934 PM]: No config file path found. Client config will not be used."}
{"level":"INFO","message":"[12:46:17.935 PM]: Easy Logging is disabled as no config has been found"}
{"level":"INFO","message":"[12:46:17.945 PM]: Connection[id: 3d88f1fc-9429-4a1f-ba3c-5c49d18e7a86] - connected successfully after 41.71680000000015 milliseconds"}
{"level":"INFO","message":"[1:40:02.233 PM]: Creating new connection object"}
{"level":"INFO","message":"[1:40:02.300 PM]: Creating Connection[id: bcd7d255-ab49-44c8-aad9-b3beabb805ef] with host: GTQYORH-JG97886.snowflakecomputing.com, account: GTQYORH-JG97886, accessUrl: https://GTQYORH-JG97886.snowflakecomputing.com, user: AJ, role: undefined, database: SAMPLEWEATHERDASH, schema: PUBLIC, warehouse: COMPUTE_WH, proxy was not configured, password is provided, region: undefined, authenticator: SNOWFLAKE, ocsp mode: FAIL_OPEN, os: win32, os version: 10.0.26100"}
{"level":"INFO","message":"[1:40:02.304 PM]: Connection[id: bcd7d255-ab49-44c8-aad9-b3beabb805ef] additional details: passcode in password is provided, passcode is not provided, private key is not provided, application: undefined, client name: snowflake-sdk, client version: 2.0.3, retry timeout: 300, private key path: undefined, private key pass is not provided, client store temporary credential: false, browser response timeout: 120000"}
{"level":"INFO","message":"[1:40:02.306 PM]: Connection[id: bcd7d255-ab49-44c8-aad9-b3beabb805ef] - connection object created successfully."}
{"level":"INFO","message":"[1:40:02.309 PM]: Connection[id: bcd7d255-ab49-44c8-aad9-b3beabb805ef] - connecting. Associated Snowflake domain: GLOBAL"}
{"level":"INFO","message":"[1:40:02.326 PM]: Connection[id: bcd7d255-ab49-44c8-aad9-b3beabb805ef] - authentication successful using: SNOWFLAKE"}
{"level":"INFO","message":"[1:40:02.328 PM]: Trying to initialize Easy Logging"}
{"level":"INFO","message":"[1:40:02.344 PM]: No client config detected."}
{"level":"INFO","message":"[1:40:02.345 PM]: No config file path found. Client config will not be used."}
{"level":"INFO","message":"[1:40:02.346 PM]: Easy Logging is disabled as no config has been found"}
{"level":"INFO","message":"[1:40:02.361 PM]: Connection[id: bcd7d255-ab49-44c8-aad9-b3beabb805ef] - connected successfully after 52.75819999999976 milliseconds"}
{"level":"INFO","message":"[2:03:36.149 PM]: Creating new connection object"}
{"level":"INFO","message":"[2:03:36.175 PM]: Creating Connection[id: a6fe9f9f-21c0-401e-bbbe-811d9bce3cc8] with host: GTQYORH-JG97886.snowflakecomputing.com, account: GTQYORH-JG97886, accessUrl: https://GTQYORH-JG97886.snowflakecomputing.com, user: AJ, role: undefined, database: SAMPLEWEATHERDASH, schema: PUBLIC, warehouse: COMPUTE_WH, proxy was not configured, password is provided, region: undefined, authenticator: SNOWFLAKE, ocsp mode: FAIL_OPEN, os: win32, os version: 10.0.26100"}
{"level":"INFO","message":"[2:03:36.177 PM]: Connection[id: a6fe9f9f-21c0-401e-bbbe-811d9bce3cc8] additional details: passcode in password is provided, passcode is not provided, private key is not provided, application: undefined, client name: snowflake-sdk, client version: 2.0.3, retry timeout: 300, private key path: undefined, private key pass is not provided, client store temporary credential: false, browser response timeout: 120000"}
{"level":"INFO","message":"[2:03:36.177 PM]: Connection[id: a6fe9f9f-21c0-401e-bbbe-811d9bce3cc8] - connection object created successfully."}
{"level":"INFO","message":"[2:03:36.178 PM]: Connection[id: a6fe9f9f-21c0-401e-bbbe-811d9bce3cc8] - connecting. Associated Snowflake domain: GLOBAL"}
{"level":"INFO","message":"[2:03:36.186 PM]: Connection[id: a6fe9f9f-21c0-401e-bbbe-811d9bce3cc8] - authentication successful using: SNOWFLAKE"}
{"level":"INFO","message":"[2:03:36.188 PM]: Trying to initialize Easy Logging"}
{"level":"INFO","message":"[2:03:36.192 PM]: No client config detected."}
{"level":"INFO","message":"[2:03:36.193 PM]: No config file path found. Client config will not be used."}
{"level":"INFO","message":"[2:03:36.194 PM]: Easy Logging is disabled as no config has been found"}
{"level":"INFO","message":"[2:03:36.199 PM]: Connection[id: a6fe9f9f-21c0-401e-bbbe-811d9bce3cc8] - connected successfully after 21.021799999999985 milliseconds"}
{"level":"INFO","message":"[2:09:16.849 PM]: Creating new connection object"}
{"level":"INFO","message":"[2:09:16.894 PM]: Creating Connection[id: 3aef84ea-4213-47fc-8326-6ba8312f80e2] with host: GTQYORH-JG97886.snowflakecomputing.com, account: GTQYORH-JG97886, accessUrl: https://GTQYORH-JG97886.snowflakecomputing.com, user: AJ, role: undefined, database: SAMPLEWEATHERDASH, schema: PUBLIC, warehouse: COMPUTE_WH, proxy was not configured, password is provided, region: undefined, authenticator: SNOWFLAKE, ocsp mode: FAIL_OPEN, os: win32, os version: 10.0.26100"}
{"level":"INFO","message":"[2:09:16.896 PM]: Connection[id: 3aef84ea-4213-47fc-8326-6ba8312f80e2] additional details: passcode in password is provided, passcode is not provided, private key is not provided, application: undefined, client name: snowflake-sdk, client version: 2.0.3, retry timeout: 300, private key path: undefined, private key pass is not provided, client store temporary credential: false, browser response timeout: 120000"}
{"level":"INFO","message":"[2:09:16.897 PM]: Connection[id: 3aef84ea-4213-47fc-8326-6ba8312f80e2] - connection object created successfully."}
{"level":"INFO","message":"[2:09:16.899 PM]: Connection[id: 3aef84ea-4213-47fc-8326-6ba8312f80e2] - connecting. Associated Snowflake domain: GLOBAL"}
{"level":"INFO","message":"[2:09:16.908 PM]: Connection[id: 3aef84ea-4213-47fc-8326-6ba8312f80e2] - authentication successful using: SNOWFLAKE"}
{"level":"INFO","message":"[2:09:16.909 PM]: Trying to initialize Easy Logging"}
{"level":"INFO","message":"[2:09:16.921 PM]: No client config detected."}
{"level":"INFO","message":"[2:09:16.924 PM]: No config file path found. Client config will not be used."}
{"level":"INFO","message":"[2:09:16.926 PM]: Easy Logging is disabled as no config has been found"}
{"level":"INFO","message":"[2:09:16.956 PM]: Connection[id: 3aef84ea-4213-47fc-8326-6ba8312f80e2] - connected successfully after 56.55729999999994 milliseconds"}
{"level":"INFO","message":"[2:19:29.970 PM]: Creating new connection object"}
{"level":"INFO","message":"[2:19:30.007 PM]: Creating Connection[id: f70d22cf-dc2a-43cc-a4cc-15a1568f4717] with host: GTQYORH-JG97886.snowflakecomputing.com, account: GTQYORH-JG97886, accessUrl: https://GTQYORH-JG97886.snowflakecomputing.com, user: AJ, role: undefined, database: SAMPLEWEATHERDASH, schema: PUBLIC, warehouse: COMPUTE_WH, proxy was not configured, password is provided, region: undefined, authenticator: SNOWFLAKE, ocsp mode: FAIL_OPEN, os: win32, os version: 10.0.26100"}
{"level":"INFO","message":"[2:19:30.010 PM]: Connection[id: f70d22cf-dc2a-43cc-a4cc-15a1568f4717] additional details: passcode in password is provided, passcode is not provided, private key is not provided, application: undefined, client name: snowflake-sdk, client version: 2.0.3, retry timeout: 300, private key path: undefined, private key pass is not provided, client store temporary credential: false, browser response timeout: 120000"}
{"level":"INFO","message":"[2:19:30.011 PM]: Connection[id: f70d22cf-dc2a-43cc-a4cc-15a1568f4717] - connection object created successfully."}
{"level":"INFO","message":"[2:19:30.012 PM]: Connection[id: f70d22cf-dc2a-43cc-a4cc-15a1568f4717] - connecting. Associated Snowflake domain: GLOBAL"}
{"level":"INFO","message":"[2:19:30.023 PM]: Connection[id: f70d22cf-dc2a-43cc-a4cc-15a1568f4717] - authentication successful using: SNOWFLAKE"}
{"level":"INFO","message":"[2:19:30.025 PM]: Trying to initialize Easy Logging"}
{"level":"INFO","message":"[2:19:30.029 PM]: No client config detected."}
{"level":"INFO","message":"[2:19:30.030 PM]: No config file path found. Client config will not be used."}
{"level":"INFO","message":"[2:19:30.033 PM]: Easy Logging is disabled as no config has been found"}
{"level":"INFO","message":"[2:19:30.044 PM]: Connection[id: f70d22cf-dc2a-43cc-a4cc-15a1568f4717] - connected successfully after 31.72530000000006 milliseconds"}
{"level":"INFO","message":"[2:28:37.607 PM]: Creating new connection object"}
{"level":"INFO","message":"[2:28:37.656 PM]: Creating Connection[id: e1c7f980-6e93-4b97-b90a-19f82c7eb8f6] with host: GTQYORH-JG97886.snowflakecomputing.com, account: GTQYORH-JG97886, accessUrl: https://GTQYORH-JG97886.snowflakecomputing.com, user: AJ, role: undefined, database: SAMPLEWEATHERDASH, schema: PUBLIC, warehouse: COMPUTE_WH, proxy was not configured, password is provided, region: undefined, authenticator: SNOWFLAKE, ocsp mode: FAIL_OPEN, os: win32, os version: 10.0.26100"}
{"level":"INFO","message":"[2:28:37.659 PM]: Connection[id: e1c7f980-6e93-4b97-b90a-19f82c7eb8f6] additional details: passcode in password is provided, passcode is not provided, private key is not provided, application: undefined, client name: snowflake-sdk, client version: 2.0.3, retry timeout: 300, private key path: undefined, private key pass is not provided, client store temporary credential: false, browser response timeout: 120000"}
{"level":"INFO","message":"[2:28:37.660 PM]: Connection[id: e1c7f980-6e93-4b97-b90a-19f82c7eb8f6] - connection object created successfully."}
{"level":"INFO","message":"[2:28:37.662 PM]: Connection[id: e1c7f980-6e93-4b97-b90a-19f82c7eb8f6] - connecting. Associated Snowflake domain: GLOBAL"}
{"level":"INFO","message":"[2:28:37.678 PM]: Connection[id: e1c7f980-6e93-4b97-b90a-19f82c7eb8f6] - authentication successful using: SNOWFLAKE"}
{"level":"INFO","message":"[2:28:37.679 PM]: Trying to initialize Easy Logging"}
{"level":"INFO","message":"[2:28:37.685 PM]: No client config detected."}
{"level":"INFO","message":"[2:28:37.686 PM]: No config file path found. Client config will not be used."}
{"level":"INFO","message":"[2:28:37.690 PM]: Easy Logging is disabled as no config has been found"}
{"level":"INFO","message":"[2:28:37.701 PM]: Connection[id: e1c7f980-6e93-4b97-b90a-19f82c7eb8f6] - connected successfully after 39.11110000000008 milliseconds"}
{"level":"INFO","message":"[2:33:42.705 PM]: Creating new connection object"}
{"level":"INFO","message":"[2:33:42.736 PM]: Creating Connection[id: 4b9208cc-2b4d-4b39-aefc-40b1ce9251c8] with host: GTQYORH-JG97886.snowflakecomputing.com, account: GTQYORH-JG97886, accessUrl: https://GTQYORH-JG97886.snowflakecomputing.com, user: AJ, role: undefined, database: SAMPLEWEATHERDASH, schema: PUBLIC, warehouse: COMPUTE_WH, proxy was not configured, password is provided, region: undefined, authenticator: SNOWFLAKE, ocsp mode: FAIL_OPEN, os: win32, os version: 10.0.26100"}
{"level":"INFO","message":"[2:33:42.738 PM]: Connection[id: 4b9208cc-2b4d-4b39-aefc-40b1ce9251c8] additional details: passcode in password is provided, passcode is not provided, private key is not provided, application: undefined, client name: snowflake-sdk, client version: 2.0.3, retry timeout: 300, private key path: undefined, private key pass is not provided, client store temporary credential: false, browser response timeout: 120000"}
{"level":"INFO","message":"[2:33:42.741 PM]: Connection[id: 4b9208cc-2b4d-4b39-aefc-40b1ce9251c8] - connection object created successfully."}
{"level":"INFO","message":"[2:33:42.743 PM]: Connection[id: 4b9208cc-2b4d-4b39-aefc-40b1ce9251c8] - connecting. Associated Snowflake domain: GLOBAL"}
{"level":"INFO","message":"[2:33:42.749 PM]: Connection[id: 4b9208cc-2b4d-4b39-aefc-40b1ce9251c8] - authentication successful using: SNOWFLAKE"}
{"level":"INFO","message":"[2:33:42.750 PM]: Trying to initialize Easy Logging"}
{"level":"INFO","message":"[2:33:42.757 PM]: No client config detected."}
{"level":"INFO","message":"[2:33:42.758 PM]: No config file path found. Client config will not be used."}
{"level":"INFO","message":"[2:33:42.760 PM]: Easy Logging is disabled as no config has been found"}
{"level":"INFO","message":"[2:33:42.769 PM]: Connection[id: 4b9208cc-2b4d-4b39-aefc-40b1ce9251c8] - connected successfully after 26.478899999999953 milliseconds"}
{"level":"INFO","message":"[2:36:50.702 PM]: Creating new connection object"}
{"level":"INFO","message":"[2:36:50.727 PM]: Creating Connection[id: c2025f40-d57f-436f-ac6a-3940699cec43] with host: GTQYORH-JG97886.snowflakecomputing.com, account: GTQYORH-JG97886, accessUrl: https://GTQYORH-JG97886.snowflakecomputing.com, user: AJ, role: undefined, database: SAMPLEWEATHERDASH, schema: PUBLIC, warehouse: COMPUTE_WH, proxy was not configured, password is provided, region: undefined, authenticator: SNOWFLAKE, ocsp mode: FAIL_OPEN, os: win32, os version: 10.0.26100"}
{"level":"INFO","message":"[2:36:50.728 PM]: Connection[id: c2025f40-d57f-436f-ac6a-3940699cec43] additional details: passcode in password is provided, passcode is not provided, private key is not provided, application: undefined, client name: snowflake-sdk, client version: 2.0.3, retry timeout: 300, private key path: undefined, private key pass is not provided, client store temporary credential: false, browser response timeout: 120000"}
{"level":"INFO","message":"[2:36:50.729 PM]: Connection[id: c2025f40-d57f-436f-ac6a-3940699cec43] - connection object created successfully."}
{"level":"INFO","message":"[2:36:50.730 PM]: Connection[id: c2025f40-d57f-436f-ac6a-3940699cec43] - connecting. Associated Snowflake domain: GLOBAL"}
{"level":"INFO","message":"[2:36:50.736 PM]: Connection[id: c2025f40-d57f-436f-ac6a-3940699cec43] - authentication successful using: SNOWFLAKE"}
{"level":"INFO","message":"[2:36:50.737 PM]: Trying to initialize Easy Logging"}
{"level":"INFO","message":"[2:36:50.740 PM]: No client config detected."}
{"level":"INFO","message":"[2:36:50.741 PM]: No config file path found. Client config will not be used."}
{"level":"INFO","message":"[2:36:50.742 PM]: Easy Logging is disabled as no config has been found"}
{"level":"INFO","message":"[2:36:50.747 PM]: Connection[id: c2025f40-d57f-436f-ac6a-3940699cec43] - connected successfully after 16.80740000000003 milliseconds"}
{"level":"INFO","message":"[3:06:15.004 PM]: Creating new connection object"}
{"level":"INFO","message":"[3:06:15.039 PM]: Creating Connection[id: 5de9de7f-20c9-409d-90c1-6b537ad6c885] with host: GTQYORH-JG97886.snowflakecomputing.com, account: GTQYORH-JG97886, accessUrl: https://GTQYORH-JG97886.snowflakecomputing.com, user: AJ, role: undefined, database: SAMPLEWEATHERDASH, schema: PUBLIC, warehouse: COMPUTE_WH, proxy was not configured, password is provided, region: undefined, authenticator: SNOWFLAKE, ocsp mode: FAIL_OPEN, os: win32, os version: 10.0.26100"}
{"level":"INFO","message":"[3:06:15.040 PM]: Connection[id: 5de9de7f-20c9-409d-90c1-6b537ad6c885] additional details: passcode in password is provided, passcode is not provided, private key is not provided, application: undefined, client name: snowflake-sdk, client version: 2.0.3, retry timeout: 300, private key path: undefined, private key pass is not provided, client store temporary credential: false, browser response timeout: 120000"}
{"level":"INFO","message":"[3:06:15.041 PM]: Connection[id: 5de9de7f-20c9-409d-90c1-6b537ad6c885] - connection object created successfully."}
{"level":"INFO","message":"[3:06:15.042 PM]: Connection[id: 5de9de7f-20c9-409d-90c1-6b537ad6c885] - connecting. Associated Snowflake domain: GLOBAL"}
{"level":"INFO","message":"[3:06:15.050 PM]: Connection[id: 5de9de7f-20c9-409d-90c1-6b537ad6c885] - authentication successful using: SNOWFLAKE"}
{"level":"INFO","message":"[3:06:15.051 PM]: Trying to initialize Easy Logging"}
{"level":"INFO","message":"[3:06:15.068 PM]: No client config detected."}
{"level":"INFO","message":"[3:06:15.070 PM]: No config file path found. Client config will not be used."}
{"level":"INFO","message":"[3:06:15.075 PM]: Easy Logging is disabled as no config has been found"}
{"level":"INFO","message":"[3:06:15.090 PM]: Connection[id: 5de9de7f-20c9-409d-90c1-6b537ad6c885] - connected successfully after 48.49559999999997 milliseconds"}
{"level":"INFO","message":"[3:13:37.340 PM]: Creating new connection object"}
{"level":"INFO","message":"[3:13:37.373 PM]: Creating Connection[id: a645585d-d033-416c-9bdd-92e9ade844d9] with host: GTQYORH-JG97886.snowflakecomputing.com, account: GTQYORH-JG97886, accessUrl: https://GTQYORH-JG97886.snowflakecomputing.com, user: AJ, role: undefined, database: SAMPLEWEATHERDASH, schema: PUBLIC, warehouse: COMPUTE_WH, proxy was not configured, password is provided, region: undefined, authenticator: SNOWFLAKE, ocsp mode: FAIL_OPEN, os: win32, os version: 10.0.26100"}
{"level":"INFO","message":"[3:13:37.374 PM]: Connection[id: a645585d-d033-416c-9bdd-92e9ade844d9] additional details: passcode in password is provided, passcode is not provided, private key is not provided, application: undefined, client name: snowflake-sdk, client version: 2.0.3, retry timeout: 300, private key path: undefined, private key pass is not provided, client store temporary credential: false, browser response timeout: 120000"}
{"level":"INFO","message":"[3:13:37.375 PM]: Connection[id: a645585d-d033-416c-9bdd-92e9ade844d9] - connection object created successfully."}
{"level":"INFO","message":"[3:13:37.377 PM]: Connection[id: a645585d-d033-416c-9bdd-92e9ade844d9] - connecting. Associated Snowflake domain: GLOBAL"}
{"level":"INFO","message":"[3:13:37.386 PM]: Connection[id: a645585d-d033-416c-9bdd-92e9ade844d9] - authentication successful using: SNOWFLAKE"}
{"level":"INFO","message":"[3:13:37.387 PM]: Trying to initialize Easy Logging"}
{"level":"INFO","message":"[3:13:37.392 PM]: No client config detected."}
{"level":"INFO","message":"[3:13:37.393 PM]: No config file path found. Client config will not be used."}
{"level":"INFO","message":"[3:13:37.394 PM]: Easy Logging is disabled as no config has been found"}
{"level":"INFO","message":"[3:13:37.400 PM]: Connection[id: a645585d-d033-416c-9bdd-92e9ade844d9] - connected successfully after 23.140800000000013 milliseconds"}
{"level":"INFO","message":"[3:24:39.354 PM]: Creating new connection object"}
{"level":"INFO","message":"[3:24:39.387 PM]: Creating Connection[id: 2ba7f6c5-bd69-4799-9667-19d9893d47ef] with host: GTQYORH-JG97886.snowflakecomputing.com, account: GTQYORH-JG97886, accessUrl: https://GTQYORH-JG97886.snowflakecomputing.com, user: AJ, role: undefined, database: SAMPLEWEATHERDASH, schema: PUBLIC, warehouse: COMPUTE_WH, proxy was not configured, password is provided, region: undefined, authenticator: SNOWFLAKE, ocsp mode: FAIL_OPEN, os: win32, os version: 10.0.26100"}
{"level":"INFO","message":"[3:24:39.390 PM]: Connection[id: 2ba7f6c5-bd69-4799-9667-19d9893d47ef] additional details: passcode in password is provided, passcode is not provided, private key is not provided, application: undefined, client name: snowflake-sdk, client version: 2.0.3, retry timeout: 300, private key path: undefined, private key pass is not provided, client store temporary credential: false, browser response timeout: 120000"}
{"level":"INFO","message":"[3:24:39.394 PM]: Connection[id: 2ba7f6c5-bd69-4799-9667-19d9893d47ef] - connection object created successfully."}
{"level":"INFO","message":"[3:24:39.399 PM]: Connection[id: 2ba7f6c5-bd69-4799-9667-19d9893d47ef] - connecting. Associated Snowflake domain: GLOBAL"}
{"level":"INFO","message":"[3:24:39.411 PM]: Connection[id: 2ba7f6c5-bd69-4799-9667-19d9893d47ef] - authentication successful using: SNOWFLAKE"}
{"level":"INFO","message":"[3:24:39.413 PM]: Trying to initialize Easy Logging"}
{"level":"INFO","message":"[3:24:39.430 PM]: No client config detected."}
{"level":"INFO","message":"[3:24:39.432 PM]: No config file path found. Client config will not be used."}
{"level":"INFO","message":"[3:24:39.434 PM]: Easy Logging is disabled as no config has been found"}
{"level":"INFO","message":"[3:24:39.447 PM]: Connection[id: 2ba7f6c5-bd69-4799-9667-19d9893d47ef] - connected successfully after 48.098499999999945 milliseconds"}
{"level":"INFO","message":"[3:32:22.322 PM]: Creating new connection object"}
{"level":"INFO","message":"[3:32:22.345 PM]: Creating Connection[id: c3013f03-77aa-4341-a62d-05ae34dea6c1] with host: GTQYORH-JG97886.snowflakecomputing.com, account: GTQYORH-JG97886, accessUrl: https://GTQYORH-JG97886.snowflakecomputing.com, user: AJ, role: undefined, database: SAMPLEWEATHERDASH, schema: PUBLIC, warehouse: COMPUTE_WH, proxy was not configured, password is provided, region: undefined, authenticator: SNOWFLAKE, ocsp mode: FAIL_OPEN, os: win32, os version: 10.0.26100"}
{"level":"INFO","message":"[3:32:22.346 PM]: Connection[id: c3013f03-77aa-4341-a62d-05ae34dea6c1] additional details: passcode in password is provided, passcode is not provided, private key is not provided, application: undefined, client name: snowflake-sdk, client version: 2.0.3, retry timeout: 300, private key path: undefined, private key pass is not provided, client store temporary credential: false, browser response timeout: 120000"}
{"level":"INFO","message":"[3:32:22.347 PM]: Connection[id: c3013f03-77aa-4341-a62d-05ae34dea6c1] - connection object created successfully."}
{"level":"INFO","message":"[3:32:22.347 PM]: Connection[id: c3013f03-77aa-4341-a62d-05ae34dea6c1] - connecting. Associated Snowflake domain: GLOBAL"}
{"level":"INFO","message":"[3:32:22.357 PM]: Connection[id: c3013f03-77aa-4341-a62d-05ae34dea6c1] - authentication successful using: SNOWFLAKE"}
{"level":"INFO","message":"[3:32:22.361 PM]: Trying to initialize Easy Logging"}
{"level":"INFO","message":"[3:32:22.368 PM]: No client config detected."}
{"level":"INFO","message":"[3:32:22.369 PM]: No config file path found. Client config will not be used."}
{"level":"INFO","message":"[3:32:22.371 PM]: Easy Logging is disabled as no config has been found"}
{"level":"INFO","message":"[3:32:22.383 PM]: Connection[id: c3013f03-77aa-4341-a62d-05ae34dea6c1] - connected successfully after 36.05830000000003 milliseconds"}
{"level":"INFO","message":"[3:43:29.233 PM]: Creating new connection object"}
{"level":"INFO","message":"[3:43:29.259 PM]: Creating Connection[id: bd2a0b5f-4681-4c5c-b543-00e7029bcaf0] with host: GTQYORH-JG97886.snowflakecomputing.com, account: GTQYORH-JG97886, accessUrl: https://GTQYORH-JG97886.snowflakecomputing.com, user: AJ, role: undefined, database: SAMPLEWEATHERDASH, schema: PUBLIC, warehouse: COMPUTE_WH, proxy was not configured, password is provided, region: undefined, authenticator: SNOWFLAKE, ocsp mode: FAIL_OPEN, os: win32, os version: 10.0.26100"}
{"level":"INFO","message":"[3:43:29.261 PM]: Connection[id: bd2a0b5f-4681-4c5c-b543-00e7029bcaf0] additional details: passcode in password is provided, passcode is not provided, private key is not provided, application: undefined, client name: snowflake-sdk, client version: 2.0.3, retry timeout: 300, private key path: undefined, private key pass is not provided, client store temporary credential: false, browser response timeout: 120000"}
{"level":"INFO","message":"[3:43:29.262 PM]: Connection[id: bd2a0b5f-4681-4c5c-b543-00e7029bcaf0] - connection object created successfully."}
{"level":"INFO","message":"[3:43:29.264 PM]: Connection[id: bd2a0b5f-4681-4c5c-b543-00e7029bcaf0] - connecting. Associated Snowflake domain: GLOBAL"}
{"level":"INFO","message":"[3:43:29.275 PM]: Connection[id: bd2a0b5f-4681-4c5c-b543-00e7029bcaf0] - authentication successful using: SNOWFLAKE"}
{"level":"INFO","message":"[3:43:29.276 PM]: Trying to initialize Easy Logging"}
{"level":"INFO","message":"[3:43:29.280 PM]: No client config detected."}
{"level":"INFO","message":"[3:43:29.281 PM]: No config file path found. Client config will not be used."}
{"level":"INFO","message":"[3:43:29.282 PM]: Easy Logging is disabled as no config has been found"}
{"level":"INFO","message":"[3:43:29.289 PM]: Connection[id: bd2a0b5f-4681-4c5c-b543-00e7029bcaf0] - connected successfully after 25.052400000000034 milliseconds"}
{"level":"INFO","message":"[3:45:08.383 PM]: Creating new connection object"}
{"level":"INFO","message":"[3:45:08.406 PM]: Creating Connection[id: c33548ff-dad3-4726-9f56-b1ec0d24b3f4] with host: GTQYORH-JG97886.snowflakecomputing.com, account: GTQYORH-JG97886, accessUrl: https://GTQYORH-JG97886.snowflakecomputing.com, user: AJ, role: undefined, database: SAMPLEWEATHERDASH, schema: PUBLIC, warehouse: COMPUTE_WH, proxy was not configured, password is provided, region: undefined, authenticator: SNOWFLAKE, ocsp mode: FAIL_OPEN, os: win32, os version: 10.0.26100"}
{"level":"INFO","message":"[3:45:08.407 PM]: Connection[id: c33548ff-dad3-4726-9f56-b1ec0d24b3f4] additional details: passcode in password is provided, passcode is not provided, private key is not provided, application: undefined, client name: snowflake-sdk, client version: 2.0.3, retry timeout: 300, private key path: undefined, private key pass is not provided, client store temporary credential: false, browser response timeout: 120000"}
{"level":"INFO","message":"[3:45:08.408 PM]: Connection[id: c33548ff-dad3-4726-9f56-b1ec0d24b3f4] - connection object created successfully."}
{"level":"INFO","message":"[3:45:08.410 PM]: Connection[id: c33548ff-dad3-4726-9f56-b1ec0d24b3f4] - connecting. Associated Snowflake domain: GLOBAL"}
{"level":"INFO","message":"[3:45:08.420 PM]: Connection[id: c33548ff-dad3-4726-9f56-b1ec0d24b3f4] - authentication successful using: SNOWFLAKE"}
{"level":"INFO","message":"[3:45:08.424 PM]: Trying to initialize Easy Logging"}
{"level":"INFO","message":"[3:45:08.430 PM]: No client config detected."}
{"level":"INFO","message":"[3:45:08.430 PM]: No config file path found. Client config will not be used."}
{"level":"INFO","message":"[3:45:08.432 PM]: Easy Logging is disabled as no config has been found"}
{"level":"INFO","message":"[3:45:08.443 PM]: Connection[id: c33548ff-dad3-4726-9f56-b1ec0d24b3f4] - connected successfully after 33.30829999999992 milliseconds"}
{"level":"INFO","message":"[3:53:27.286 PM]: Creating new connection object"}
{"level":"INFO","message":"[3:53:27.311 PM]: Creating Connection[id: 6cde03b7-d712-4285-ae05-fd5907710263] with host: GTQYORH-JG97886.snowflakecomputing.com, account: GTQYORH-JG97886, accessUrl: https://GTQYORH-JG97886.snowflakecomputing.com, user: AJ, role: undefined, database: SAMPLEWEATHERDASH, schema: PUBLIC, warehouse: COMPUTE_WH, proxy was not configured, password is provided, region: undefined, authenticator: SNOWFLAKE, ocsp mode: FAIL_OPEN, os: win32, os version: 10.0.26100"}
{"level":"INFO","message":"[3:53:27.312 PM]: Connection[id: 6cde03b7-d712-4285-ae05-fd5907710263] additional details: passcode in password is provided, passcode is not provided, private key is not provided, application: undefined, client name: snowflake-sdk, client version: 2.0.3, retry timeout: 300, private key path: undefined, private key pass is not provided, client store temporary credential: false, browser response timeout: 120000"}
{"level":"INFO","message":"[3:53:27.313 PM]: Connection[id: 6cde03b7-d712-4285-ae05-fd5907710263] - connection object created successfully."}
{"level":"INFO","message":"[3:53:27.315 PM]: Connection[id: 6cde03b7-d712-4285-ae05-fd5907710263] - connecting. Associated Snowflake domain: GLOBAL"}
{"level":"INFO","message":"[3:53:27.323 PM]: Connection[id: 6cde03b7-d712-4285-ae05-fd5907710263] - authentication successful using: SNOWFLAKE"}
{"level":"INFO","message":"[3:53:27.325 PM]: Trying to initialize Easy Logging"}
{"level":"INFO","message":"[3:53:27.329 PM]: No client config detected."}
{"level":"INFO","message":"[3:53:27.330 PM]: No config file path found. Client config will not be used."}
{"level":"INFO","message":"[3:53:27.332 PM]: Easy Logging is disabled as no config has been found"}
{"level":"INFO","message":"[3:53:27.338 PM]: Connection[id: 6cde03b7-d712-4285-ae05-fd5907710263] - connected successfully after 23.120200000000068 milliseconds"}
{"level":"INFO","message":"[3:57:52.166 PM]: Creating new connection object"}
{"level":"INFO","message":"[3:57:52.193 PM]: Creating Connection[id: a0afd5c5-f77d-47e6-9042-06c9bcdda7b1] with host: GTQYORH-JG97886.snowflakecomputing.com, account: GTQYORH-JG97886, accessUrl: https://GTQYORH-JG97886.snowflakecomputing.com, user: AJ, role: undefined, database: SAMPLEWEATHERDASH, schema: PUBLIC, warehouse: COMPUTE_WH, proxy was not configured, password is provided, region: undefined, authenticator: SNOWFLAKE, ocsp mode: FAIL_OPEN, os: win32, os version: 10.0.26100"}
{"level":"INFO","message":"[3:57:52.195 PM]: Connection[id: a0afd5c5-f77d-47e6-9042-06c9bcdda7b1] additional details: passcode in password is provided, passcode is not provided, private key is not provided, application: undefined, client name: snowflake-sdk, client version: 2.0.3, retry timeout: 300, private key path: undefined, private key pass is not provided, client store temporary credential: false, browser response timeout: 120000"}
{"level":"INFO","message":"[3:57:52.196 PM]: Connection[id: a0afd5c5-f77d-47e6-9042-06c9bcdda7b1] - connection object created successfully."}
{"level":"INFO","message":"[3:57:52.198 PM]: Connection[id: a0afd5c5-f77d-47e6-9042-06c9bcdda7b1] - connecting. Associated Snowflake domain: GLOBAL"}
{"level":"INFO","message":"[3:57:52.208 PM]: Connection[id: a0afd5c5-f77d-47e6-9042-06c9bcdda7b1] - authentication successful using: SNOWFLAKE"}
{"level":"INFO","message":"[3:57:52.210 PM]: Trying to initialize Easy Logging"}
{"level":"INFO","message":"[3:57:52.215 PM]: No client config detected."}
{"level":"INFO","message":"[3:57:52.216 PM]: No config file path found. Client config will not be used."}
{"level":"INFO","message":"[3:57:52.217 PM]: Easy Logging is disabled as no config has been found"}
{"level":"INFO","message":"[3:57:52.223 PM]: Connection[id: a0afd5c5-f77d-47e6-9042-06c9bcdda7b1] - connected successfully after 24.729400000000055 milliseconds"}
{"level":"INFO","message":"[4:00:54.207 PM]: Creating new connection object"}
{"level":"INFO","message":"[4:00:54.239 PM]: Creating Connection[id: d9dc147a-75fa-48ee-af94-78586a1854ff] with host: GTQYORH-JG97886.snowflakecomputing.com, account: GTQYORH-JG97886, accessUrl: https://GTQYORH-JG97886.snowflakecomputing.com, user: AJ, role: undefined, database: SAMPLEWEATHERDASH, schema: PUBLIC, warehouse: COMPUTE_WH, proxy was not configured, password is provided, region: undefined, authenticator: SNOWFLAKE, ocsp mode: FAIL_OPEN, os: win32, os version: 10.0.26100"}
{"level":"INFO","message":"[4:00:54.242 PM]: Connection[id: d9dc147a-75fa-48ee-af94-78586a1854ff] additional details: passcode in password is provided, passcode is not provided, private key is not provided, application: undefined, client name: snowflake-sdk, client version: 2.0.3, retry timeout: 300, private key path: undefined, private key pass is not provided, client store temporary credential: false, browser response timeout: 120000"}
{"level":"INFO","message":"[4:00:54.243 PM]: Connection[id: d9dc147a-75fa-48ee-af94-78586a1854ff] - connection object created successfully."}
{"level":"INFO","message":"[4:00:54.245 PM]: Connection[id: d9dc147a-75fa-48ee-af94-78586a1854ff] - connecting. Associated Snowflake domain: GLOBAL"}
{"level":"INFO","message":"[4:00:54.252 PM]: Connection[id: d9dc147a-75fa-48ee-af94-78586a1854ff] - authentication successful using: SNOWFLAKE"}
{"level":"INFO","message":"[4:00:54.253 PM]: Trying to initialize Easy Logging"}
{"level":"INFO","message":"[4:00:54.264 PM]: No client config detected."}
{"level":"INFO","message":"[4:00:54.265 PM]: No config file path found. Client config will not be used."}
{"level":"INFO","message":"[4:00:54.266 PM]: Easy Logging is disabled as no config has been found"}
{"level":"INFO","message":"[4:00:54.278 PM]: Connection[id: d9dc147a-75fa-48ee-af94-78586a1854ff] - connected successfully after 32.724699999999984 milliseconds"}
{"level":"INFO","message":"[4:02:29.837 PM]: Creating new connection object"}
{"level":"INFO","message":"[4:02:29.862 PM]: Creating Connection[id: 536ffa17-ddcb-4a38-9f73-ff4658eaa4e4] with host: GTQYORH-JG97886.snowflakecomputing.com, account: GTQYORH-JG97886, accessUrl: https://GTQYORH-JG97886.snowflakecomputing.com, user: AJ, role: undefined, database: SAMPLEWEATHERDASH, schema: PUBLIC, warehouse: COMPUTE_WH, proxy was not configured, password is provided, region: undefined, authenticator: SNOWFLAKE, ocsp mode: FAIL_OPEN, os: win32, os version: 10.0.26100"}
{"level":"INFO","message":"[4:02:29.864 PM]: Connection[id: 536ffa17-ddcb-4a38-9f73-ff4658eaa4e4] additional details: passcode in password is provided, passcode is not provided, private key is not provided, application: undefined, client name: snowflake-sdk, client version: 2.0.3, retry timeout: 300, private key path: undefined, private key pass is not provided, client store temporary credential: false, browser response timeout: 120000"}
{"level":"INFO","message":"[4:02:29.865 PM]: Connection[id: 536ffa17-ddcb-4a38-9f73-ff4658eaa4e4] - connection object created successfully."}
{"level":"INFO","message":"[4:02:29.866 PM]: Connection[id: 536ffa17-ddcb-4a38-9f73-ff4658eaa4e4] - connecting. Associated Snowflake domain: GLOBAL"}
{"level":"INFO","message":"[4:02:29.875 PM]: Connection[id: 536ffa17-ddcb-4a38-9f73-ff4658eaa4e4] - authentication successful using: SNOWFLAKE"}
{"level":"INFO","message":"[4:02:29.876 PM]: Trying to initialize Easy Logging"}
{"level":"INFO","message":"[4:02:29.880 PM]: No client config detected."}
{"level":"INFO","message":"[4:02:29.881 PM]: No config file path found. Client config will not be used."}
{"level":"INFO","message":"[4:02:29.882 PM]: Easy Logging is disabled as no config has been found"}
{"level":"INFO","message":"[4:02:29.891 PM]: Connection[id: 536ffa17-ddcb-4a38-9f73-ff4658eaa4e4] - connected successfully after 25.608100000000036 milliseconds"}
{"level":"INFO","message":"[4:07:35.350 PM]: Creating new connection object"}
{"level":"INFO","message":"[4:07:35.383 PM]: Creating Connection[id: 3fb3c003-e49b-4fb6-8d92-22c845e77fdf] with host: GTQYORH-JG97886.snowflakecomputing.com, account: GTQYORH-JG97886, accessUrl: https://GTQYORH-JG97886.snowflakecomputing.com, user: AJ, role: undefined, database: SAMPLEWEATHERDASH, schema: PUBLIC, warehouse: COMPUTE_WH, proxy was not configured, password is provided, region: undefined, authenticator: SNOWFLAKE, ocsp mode: FAIL_OPEN, os: win32, os version: 10.0.26100"}
{"level":"INFO","message":"[4:07:35.385 PM]: Connection[id: 3fb3c003-e49b-4fb6-8d92-22c845e77fdf] additional details: passcode in password is provided, passcode is not provided, private key is not provided, application: undefined, client name: snowflake-sdk, client version: 2.0.3, retry timeout: 300, private key path: undefined, private key pass is not provided, client store temporary credential: false, browser response timeout: 120000"}
{"level":"INFO","message":"[4:07:35.386 PM]: Connection[id: 3fb3c003-e49b-4fb6-8d92-22c845e77fdf] - connection object created successfully."}
{"level":"INFO","message":"[4:07:35.388 PM]: Connection[id: 3fb3c003-e49b-4fb6-8d92-22c845e77fdf] - connecting. Associated Snowflake domain: GLOBAL"}
{"level":"INFO","message":"[4:07:35.394 PM]: Connection[id: 3fb3c003-e49b-4fb6-8d92-22c845e77fdf] - authentication successful using: SNOWFLAKE"}
{"level":"INFO","message":"[4:07:35.395 PM]: Trying to initialize Easy Logging"}
{"level":"INFO","message":"[4:07:35.409 PM]: No client config detected."}
{"level":"INFO","message":"[4:07:35.411 PM]: No config file path found. Client config will not be used."}
{"level":"INFO","message":"[4:07:35.413 PM]: Easy Logging is disabled as no config has been found"}
{"level":"INFO","message":"[4:07:35.424 PM]: Connection[id: 3fb3c003-e49b-4fb6-8d92-22c845e77fdf] - connected successfully after 35.94990000000007 milliseconds"}
{"level":"INFO","message":"[5:30:31.036 PM]: Creating new connection object"}
{"level":"INFO","message":"[5:30:31.114 PM]: Creating Connection[id: 0ec60006-32b6-4a16-891e-5883a17dd5bc] with host: GTQYORH-JG97886.snowflakecomputing.com, account: GTQYORH-JG97886, accessUrl: https://GTQYORH-JG97886.snowflakecomputing.com, user: AJ, role: undefined, database: SAMPLEWEATHERDASH, schema: PUBLIC, warehouse: COMPUTE_WH, proxy was not configured, password is provided, region: undefined, authenticator: SNOWFLAKE, ocsp mode: FAIL_OPEN, os: win32, os version: 10.0.26100"}
{"level":"INFO","message":"[5:30:31.118 PM]: Connection[id: 0ec60006-32b6-4a16-891e-5883a17dd5bc] additional details: passcode in password is provided, passcode is not provided, private key is not provided, application: undefined, client name: snowflake-sdk, client version: 2.0.3, retry timeout: 300, private key path: undefined, private key pass is not provided, client store temporary credential: false, browser response timeout: 120000"}
{"level":"INFO","message":"[5:30:31.121 PM]: Connection[id: 0ec60006-32b6-4a16-891e-5883a17dd5bc] - connection object created successfully."}
{"level":"INFO","message":"[5:30:31.124 PM]: Connection[id: 0ec60006-32b6-4a16-891e-5883a17dd5bc] - connecting. Associated Snowflake domain: GLOBAL"}
{"level":"INFO","message":"[5:30:31.148 PM]: Connection[id: 0ec60006-32b6-4a16-891e-5883a17dd5bc] - authentication successful using: SNOWFLAKE"}
{"level":"INFO","message":"[5:30:31.151 PM]: Trying to initialize Easy Logging"}
{"level":"INFO","message":"[5:30:31.168 PM]: No client config detected."}
{"level":"INFO","message":"[5:30:31.169 PM]: No config file path found. Client config will not be used."}
{"level":"INFO","message":"[5:30:31.172 PM]: Easy Logging is disabled as no config has been found"}
{"level":"INFO","message":"[5:30:31.186 PM]: Connection[id: 0ec60006-32b6-4a16-891e-5883a17dd5bc] - connected successfully after 62.24940000000015 milliseconds"}
{"level":"INFO","message":"[8:05:16.087 AM]: Creating new connection object"}
{"level":"INFO","message":"[8:05:16.211 AM]: Creating Connection[id: a53947be-0d98-414b-b450-8a84e72ac6b7] with host: GTQYORH-JG97886.snowflakecomputing.com, account: GTQYORH-JG97886, accessUrl: https://GTQYORH-JG97886.snowflakecomputing.com, user: AJ, role: undefined, database: SAMPLEWEATHERDASH, schema: PUBLIC, warehouse: COMPUTE_WH, proxy was not configured, password is provided, region: undefined, authenticator: SNOWFLAKE, ocsp mode: FAIL_OPEN, os: win32, os version: 10.0.26100"}
{"level":"INFO","message":"[8:05:16.213 AM]: Connection[id: a53947be-0d98-414b-b450-8a84e72ac6b7] additional details: passcode in password is provided, passcode is not provided, private key is not provided, application: undefined, client name: snowflake-sdk, client version: 2.0.3, retry timeout: 300, private key path: undefined, private key pass is not provided, client store temporary credential: false, browser response timeout: 120000"}
{"level":"INFO","message":"[8:05:16.214 AM]: Connection[id: a53947be-0d98-414b-b450-8a84e72ac6b7] - connection object created successfully."}
{"level":"INFO","message":"[8:05:16.215 AM]: Connection[id: a53947be-0d98-414b-b450-8a84e72ac6b7] - connecting. Associated Snowflake domain: GLOBAL"}
{"level":"INFO","message":"[8:05:16.225 AM]: Connection[id: a53947be-0d98-414b-b450-8a84e72ac6b7] - authentication successful using: SNOWFLAKE"}
{"level":"INFO","message":"[8:05:16.227 AM]: Trying to initialize Easy Logging"}
{"level":"INFO","message":"[8:05:16.234 AM]: No client config detected."}
{"level":"INFO","message":"[8:05:16.234 AM]: No config file path found. Client config will not be used."}
{"level":"INFO","message":"[8:05:16.235 AM]: Easy Logging is disabled as no config has been found"}
{"level":"INFO","message":"[8:05:16.242 AM]: Connection[id: a53947be-0d98-414b-b450-8a84e72ac6b7] - connected successfully after 26.653700000000754 milliseconds"}
{"level":"INFO","message":"[10:58:34.462 AM]: Creating new connection object"}
{"level":"INFO","message":"[10:58:34.584 AM]: Creating Connection[id: f9515f40-21c5-4ac7-83e2-bd9956e7852c] with host: GTQYORH-JG97886.snowflakecomputing.com, account: GTQYORH-JG97886, accessUrl: https://GTQYORH-JG97886.snowflakecomputing.com, user: AJ, role: undefined, database: SAMPLEWEATHERDASH, schema: PUBLIC, warehouse: COMPUTE_WH, proxy was not configured, password is provided, region: undefined, authenticator: SNOWFLAKE, ocsp mode: FAIL_OPEN, os: win32, os version: 10.0.26100"}
{"level":"INFO","message":"[10:58:34.585 AM]: Connection[id: f9515f40-21c5-4ac7-83e2-bd9956e7852c] additional details: passcode in password is provided, passcode is not provided, private key is not provided, application: undefined, client name: snowflake-sdk, client version: 2.0.3, retry timeout: 300, private key path: undefined, private key pass is not provided, client store temporary credential: false, browser response timeout: 120000"}
{"level":"INFO","message":"[10:58:34.586 AM]: Connection[id: f9515f40-21c5-4ac7-83e2-bd9956e7852c] - connection object created successfully."}
{"level":"INFO","message":"[10:58:34.587 AM]: Connection[id: f9515f40-21c5-4ac7-83e2-bd9956e7852c] - connecting. Associated Snowflake domain: GLOBAL"}
{"level":"INFO","message":"[10:58:34.597 AM]: Connection[id: f9515f40-21c5-4ac7-83e2-bd9956e7852c] - authentication successful using: SNOWFLAKE"}
{"level":"INFO","message":"[10:58:34.598 AM]: Trying to initialize Easy Logging"}
{"level":"INFO","message":"[10:58:34.604 AM]: No client config detected."}
{"level":"INFO","message":"[10:58:34.604 AM]: No config file path found. Client config will not be used."}
{"level":"INFO","message":"[10:58:34.605 AM]: Easy Logging is disabled as no config has been found"}
{"level":"INFO","message":"[10:58:34.613 AM]: Connection[id: f9515f40-21c5-4ac7-83e2-bd9956e7852c] - connected successfully after 25.507599999999 milliseconds"}
{"level":"INFO","message":"[10:59:26.796 AM]: Creating new connection object"}
{"level":"INFO","message":"[10:59:26.816 AM]: Creating Connection[id: 06139fbc-ae09-465f-83dd-b336cf4616ca] with host: GTQYORH-JG97886.snowflakecomputing.com, account: GTQYORH-JG97886, accessUrl: https://GTQYORH-JG97886.snowflakecomputing.com, user: AJ, role: undefined, database: SAMPLEWEATHERDASH, schema: PUBLIC, warehouse: COMPUTE_WH, proxy was not configured, password is provided, region: undefined, authenticator: SNOWFLAKE, ocsp mode: FAIL_OPEN, os: win32, os version: 10.0.26100"}
{"level":"INFO","message":"[10:59:26.817 AM]: Connection[id: 06139fbc-ae09-465f-83dd-b336cf4616ca] additional details: passcode in password is provided, passcode is not provided, private key is not provided, application: undefined, client name: snowflake-sdk, client version: 2.0.3, retry timeout: 300, private key path: undefined, private key pass is not provided, client store temporary credential: false, browser response timeout: 120000"}
{"level":"INFO","message":"[10:59:26.819 AM]: Connection[id: 06139fbc-ae09-465f-83dd-b336cf4616ca] - connection object created successfully."}
{"level":"INFO","message":"[10:59:26.820 AM]: Connection[id: 06139fbc-ae09-465f-83dd-b336cf4616ca] - connecting. Associated Snowflake domain: GLOBAL"}
{"level":"INFO","message":"[10:59:26.825 AM]: Connection[id: 06139fbc-ae09-465f-83dd-b336cf4616ca] - authentication successful using: SNOWFLAKE"}
{"level":"INFO","message":"[10:59:26.826 AM]: Trying to initialize Easy Logging"}
{"level":"INFO","message":"[10:59:26.830 AM]: No client config detected."}
{"level":"INFO","message":"[10:59:26.830 AM]: No config file path found. Client config will not be used."}
{"level":"INFO","message":"[10:59:26.833 AM]: Easy Logging is disabled as no config has been found"}
{"level":"INFO","message":"[10:59:26.838 AM]: Connection[id: 06139fbc-ae09-465f-83dd-b336cf4616ca] - connected successfully after 18.44939999999997 milliseconds"}
{"level":"INFO","message":"[11:06:49.349 AM]: Creating new connection object"}
{"level":"INFO","message":"[11:06:49.377 AM]: Creating Connection[id: dd32d112-61aa-4d11-85e0-05ebb8cc22f4] with host: GTQYORH-JG97886.snowflakecomputing.com, account: GTQYORH-JG97886, accessUrl: https://GTQYORH-JG97886.snowflakecomputing.com, user: AJ, role: undefined, database: SAMPLEWEATHERDASH, schema: PUBLIC, warehouse: COMPUTE_WH, proxy was not configured, password is provided, region: undefined, authenticator: SNOWFLAKE, ocsp mode: FAIL_OPEN, os: win32, os version: 10.0.26100"}
{"level":"INFO","message":"[11:06:49.379 AM]: Connection[id: dd32d112-61aa-4d11-85e0-05ebb8cc22f4] additional details: passcode in password is provided, passcode is not provided, private key is not provided, application: undefined, client name: snowflake-sdk, client version: 2.0.3, retry timeout: 300, private key path: undefined, private key pass is not provided, client store temporary credential: false, browser response timeout: 120000"}
{"level":"INFO","message":"[11:06:49.379 AM]: Connection[id: dd32d112-61aa-4d11-85e0-05ebb8cc22f4] - connection object created successfully."}
{"level":"INFO","message":"[11:06:49.380 AM]: Connection[id: dd32d112-61aa-4d11-85e0-05ebb8cc22f4] - connecting. Associated Snowflake domain: GLOBAL"}
{"level":"INFO","message":"[11:06:49.386 AM]: Connection[id: dd32d112-61aa-4d11-85e0-05ebb8cc22f4] - authentication successful using: SNOWFLAKE"}
{"level":"INFO","message":"[11:06:49.388 AM]: Trying to initialize Easy Logging"}
{"level":"INFO","message":"[11:06:49.397 AM]: No client config detected."}
{"level":"INFO","message":"[11:06:49.398 AM]: No config file path found. Client config will not be used."}
{"level":"INFO","message":"[11:06:49.400 AM]: Easy Logging is disabled as no config has been found"}
{"level":"INFO","message":"[11:06:49.407 AM]: Connection[id: dd32d112-61aa-4d11-85e0-05ebb8cc22f4] - connected successfully after 26.844299999999976 milliseconds"}
{"level":"INFO","message":"[1:20:15.196 PM]: Creating new connection object"}
{"level":"INFO","message":"[1:20:15.304 PM]: Creating Connection[id: c31f4b05-5289-4e1f-94f4-007f328fee65] with host: GTQYORH-JG97886.snowflakecomputing.com, account: GTQYORH-JG97886, accessUrl: https://GTQYORH-JG97886.snowflakecomputing.com, user: AJ, role: undefined, database: SAMPLEWEATHERDASH, schema: PUBLIC, warehouse: COMPUTE_WH, proxy was not configured, password is provided, region: undefined, authenticator: SNOWFLAKE, ocsp mode: FAIL_OPEN, os: win32, os version: 10.0.26100"}
{"level":"INFO","message":"[1:20:15.307 PM]: Connection[id: c31f4b05-5289-4e1f-94f4-007f328fee65] additional details: passcode in password is provided, passcode is not provided, private key is not provided, application: undefined, client name: snowflake-sdk, client version: 2.0.3, retry timeout: 300, private key path: undefined, private key pass is not provided, client store temporary credential: false, browser response timeout: 120000"}
{"level":"INFO","message":"[1:20:15.309 PM]: Connection[id: c31f4b05-5289-4e1f-94f4-007f328fee65] - connection object created successfully."}
{"level":"INFO","message":"[1:20:15.312 PM]: Connection[id: c31f4b05-5289-4e1f-94f4-007f328fee65] - connecting. Associated Snowflake domain: GLOBAL"}
{"level":"INFO","message":"[1:20:15.342 PM]: Connection[id: c31f4b05-5289-4e1f-94f4-007f328fee65] - authentication successful using: SNOWFLAKE"}
{"level":"INFO","message":"[1:20:15.344 PM]: Trying to initialize Easy Logging"}
{"level":"INFO","message":"[1:20:15.358 PM]: No client config detected."}
{"level":"INFO","message":"[1:20:15.360 PM]: No config file path found. Client config will not be used."}
{"level":"INFO","message":"[1:20:15.364 PM]: Easy Logging is disabled as no config has been found"}
{"level":"INFO","message":"[1:20:15.379 PM]: Connection[id: c31f4b05-5289-4e1f-94f4-007f328fee65] - connected successfully after 67.03940000000011 milliseconds"}
{"level":"INFO","message":"[1:24:05.714 PM]: Creating new connection object"}
{"level":"INFO","message":"[1:24:05.801 PM]: Creating Connection[id: 1b035cb7-cb63-4663-962f-412abbbedb5c] with host: GTQYORH-JG97886.snowflakecomputing.com, account: GTQYORH-JG97886, accessUrl: https://GTQYORH-JG97886.snowflakecomputing.com, user: AJ, role: undefined, database: SAMPLEWEATHERDASH, schema: PUBLIC, warehouse: COMPUTE_WH, proxy was not configured, password is provided, region: undefined, authenticator: SNOWFLAKE, ocsp mode: FAIL_OPEN, os: win32, os version: 10.0.26100"}
{"level":"INFO","message":"[1:24:05.804 PM]: Connection[id: 1b035cb7-cb63-4663-962f-412abbbedb5c] additional details: passcode in password is provided, passcode is not provided, private key is not provided, application: undefined, client name: snowflake-sdk, client version: 2.0.3, retry timeout: 300, private key path: undefined, private key pass is not provided, client store temporary credential: false, browser response timeout: 120000"}
{"level":"INFO","message":"[1:24:05.806 PM]: Connection[id: 1b035cb7-cb63-4663-962f-412abbbedb5c] - connection object created successfully."}
{"level":"INFO","message":"[1:24:05.813 PM]: Connection[id: 1b035cb7-cb63-4663-962f-412abbbedb5c] - connecting. Associated Snowflake domain: GLOBAL"}
{"level":"INFO","message":"[1:24:05.842 PM]: Connection[id: 1b035cb7-cb63-4663-962f-412abbbedb5c] - authentication successful using: SNOWFLAKE"}
{"level":"INFO","message":"[1:24:05.845 PM]: Trying to initialize Easy Logging"}
{"level":"INFO","message":"[1:24:05.873 PM]: No client config detected."}
{"level":"INFO","message":"[1:24:05.876 PM]: No config file path found. Client config will not be used."}
{"level":"INFO","message":"[1:24:05.878 PM]: Easy Logging is disabled as no config has been found"}
{"level":"INFO","message":"[1:24:05.905 PM]: Connection[id: 1b035cb7-cb63-4663-962f-412abbbedb5c] - connected successfully after 93.47830000000022 milliseconds"}
{"level":"INFO","message":"[1:44:21.940 PM]: Creating new connection object"}
{"level":"INFO","message":"[1:44:22.004 PM]: Creating Connection[id: a1bf4dc5-3726-4eb3-911e-77136b57e416] with host: GTQYORH-JG97886.snowflakecomputing.com, account: GTQYORH-JG97886, accessUrl: https://GTQYORH-JG97886.snowflakecomputing.com, user: AJ, role: undefined, database: SAMPLEWEATHERDASH, schema: PUBLIC, warehouse: COMPUTE_WH, proxy was not configured, password is provided, region: undefined, authenticator: SNOWFLAKE, ocsp mode: FAIL_OPEN, os: win32, os version: 10.0.26100"}
{"level":"INFO","message":"[1:44:22.007 PM]: Connection[id: a1bf4dc5-3726-4eb3-911e-77136b57e416] additional details: passcode in password is provided, passcode is not provided, private key is not provided, application: undefined, client name: snowflake-sdk, client version: 2.0.3, retry timeout: 300, private key path: undefined, private key pass is not provided, client store temporary credential: false, browser response timeout: 120000"}
{"level":"INFO","message":"[1:44:22.009 PM]: Connection[id: a1bf4dc5-3726-4eb3-911e-77136b57e416] - connection object created successfully."}
{"level":"INFO","message":"[1:44:22.011 PM]: Connection[id: a1bf4dc5-3726-4eb3-911e-77136b57e416] - connecting. Associated Snowflake domain: GLOBAL"}
{"level":"INFO","message":"[1:44:22.035 PM]: Connection[id: a1bf4dc5-3726-4eb3-911e-77136b57e416] - authentication successful using: SNOWFLAKE"}
{"level":"INFO","message":"[1:44:22.040 PM]: Trying to initialize Easy Logging"}
{"level":"INFO","message":"[1:44:22.054 PM]: No client config detected."}
{"level":"INFO","message":"[1:44:22.056 PM]: No config file path found. Client config will not be used."}
{"level":"INFO","message":"[1:44:22.058 PM]: Easy Logging is disabled as no config has been found"}
{"level":"INFO","message":"[1:44:22.075 PM]: Connection[id: a1bf4dc5-3726-4eb3-911e-77136b57e416] - connected successfully after 64.02559999999994 milliseconds"}
{"level":"INFO","message":"[1:47:05.695 PM]: Creating new connection object"}
{"level":"INFO","message":"[1:47:05.789 PM]: Creating Connection[id: 8334dc14-b1f5-4c6d-aa17-b106638615bb] with host: GTQYORH-JG97886.snowflakecomputing.com, account: GTQYORH-JG97886, accessUrl: https://GTQYORH-JG97886.snowflakecomputing.com, user: AJ, role: undefined, database: SAMPLEWEATHERDASH, schema: PUBLIC, warehouse: COMPUTE_WH, proxy was not configured, password is provided, region: undefined, authenticator: SNOWFLAKE, ocsp mode: FAIL_OPEN, os: win32, os version: 10.0.26100"}
{"level":"INFO","message":"[1:47:05.790 PM]: Connection[id: 8334dc14-b1f5-4c6d-aa17-b106638615bb] additional details: passcode in password is provided, passcode is not provided, private key is not provided, application: undefined, client name: snowflake-sdk, client version: 2.0.3, retry timeout: 300, private key path: undefined, private key pass is not provided, client store temporary credential: false, browser response timeout: 120000"}
{"level":"INFO","message":"[1:47:05.791 PM]: Connection[id: 8334dc14-b1f5-4c6d-aa17-b106638615bb] - connection object created successfully."}
{"level":"INFO","message":"[1:47:05.793 PM]: Connection[id: 8334dc14-b1f5-4c6d-aa17-b106638615bb] - connecting. Associated Snowflake domain: GLOBAL"}
{"level":"INFO","message":"[1:47:05.804 PM]: Connection[id: 8334dc14-b1f5-4c6d-aa17-b106638615bb] - authentication successful using: SNOWFLAKE"}
{"level":"INFO","message":"[1:47:05.805 PM]: Trying to initialize Easy Logging"}
{"level":"INFO","message":"[1:47:05.818 PM]: No client config detected."}
{"level":"INFO","message":"[1:47:05.818 PM]: No config file path found. Client config will not be used."}
{"level":"INFO","message":"[1:47:05.819 PM]: Easy Logging is disabled as no config has been found"}
{"level":"INFO","message":"[1:47:05.827 PM]: Connection[id: 8334dc14-b1f5-4c6d-aa17-b106638615bb] - connected successfully after 34.11449999999968 milliseconds"}
{"level":"INFO","message":"[8:12:00.488 PM]: Creating new connection object"}
{"level":"INFO","message":"[8:12:00.661 PM]: Creating Connection[id: c8224952-2383-4533-b933-90843ccd240c] with host: GTQYORH-JG97886.snowflakecomputing.com, account: GTQYORH-JG97886, accessUrl: https://GTQYORH-JG97886.snowflakecomputing.com, user: AJ, role: undefined, database: SAMPLEWEATHERDASH, schema: PUBLIC, warehouse: COMPUTE_WH, proxy was not configured, password is provided, region: undefined, authenticator: SNOWFLAKE, ocsp mode: FAIL_OPEN, os: win32, os version: 10.0.26100"}
{"level":"INFO","message":"[8:12:00.664 PM]: Connection[id: c8224952-2383-4533-b933-90843ccd240c] additional details: passcode in password is provided, passcode is not provided, private key is not provided, application: undefined, client name: snowflake-sdk, client version: 2.0.3, retry timeout: 300, private key path: undefined, private key pass is not provided, client store temporary credential: false, browser response timeout: 120000"}
{"level":"INFO","message":"[8:12:00.666 PM]: Connection[id: c8224952-2383-4533-b933-90843ccd240c] - connection object created successfully."}
{"level":"INFO","message":"[8:12:00.668 PM]: Connection[id: c8224952-2383-4533-b933-90843ccd240c] - connecting. Associated Snowflake domain: GLOBAL"}
{"level":"INFO","message":"[8:12:00.689 PM]: Connection[id: c8224952-2383-4533-b933-90843ccd240c] - authentication successful using: SNOWFLAKE"}
{"level":"INFO","message":"[8:12:00.692 PM]: Trying to initialize Easy Logging"}
{"level":"INFO","message":"[8:12:00.712 PM]: No client config detected."}
{"level":"INFO","message":"[8:12:00.714 PM]: No config file path found. Client config will not be used."}
{"level":"INFO","message":"[8:12:00.716 PM]: Easy Logging is disabled as no config has been found"}
{"level":"INFO","message":"[8:12:00.734 PM]: Connection[id: c8224952-2383-4533-b933-90843ccd240c] - connected successfully after 66.10080000000016 milliseconds"}
{"level":"INFO","message":"[5:55:45.223 AM]: Creating new connection object"}
{"level":"INFO","message":"[5:55:45.304 AM]: Creating Connection[id: b7ca6df5-b7cd-452f-b73a-c63b035740f1] with host: GTQYORH-JG97886.snowflakecomputing.com, account: GTQYORH-JG97886, accessUrl: https://GTQYORH-JG97886.snowflakecomputing.com, user: AJ, role: undefined, database: SAMPLEWEATHERDASH, schema: PUBLIC, warehouse: COMPUTE_WH, proxy was not configured, password is provided, region: undefined, authenticator: SNOWFLAKE, ocsp mode: FAIL_OPEN, os: win32, os version: 10.0.26100"}
{"level":"INFO","message":"[5:55:45.308 AM]: Connection[id: b7ca6df5-b7cd-452f-b73a-c63b035740f1] additional details: passcode in password is provided, passcode is not provided, private key is not provided, application: undefined, client name: snowflake-sdk, client version: 2.0.3, retry timeout: 300, private key path: undefined, private key pass is not provided, client store temporary credential: false, browser response timeout: 120000"}
{"level":"INFO","message":"[5:55:45.310 AM]: Connection[id: b7ca6df5-b7cd-452f-b73a-c63b035740f1] - connection object created successfully."}
{"level":"INFO","message":"[5:55:45.312 AM]: Connection[id: b7ca6df5-b7cd-452f-b73a-c63b035740f1] - connecting. Associated Snowflake domain: GLOBAL"}
{"level":"INFO","message":"[5:55:45.345 AM]: Connection[id: b7ca6df5-b7cd-452f-b73a-c63b035740f1] - authentication successful using: SNOWFLAKE"}
{"level":"INFO","message":"[5:55:45.346 AM]: Trying to initialize Easy Logging"}
{"level":"INFO","message":"[5:55:45.358 AM]: No client config detected."}
{"level":"INFO","message":"[5:55:45.360 AM]: No config file path found. Client config will not be used."}
{"level":"INFO","message":"[5:55:45.364 AM]: Easy Logging is disabled as no config has been found"}
{"level":"INFO","message":"[5:55:45.382 AM]: Connection[id: b7ca6df5-b7cd-452f-b73a-c63b035740f1] - connected successfully after 69.81959999999981 milliseconds"}
